$ next dev --turbopack
   ▲ Next.js 15.5.6 (Turbopack)
   - Local:        http://localhost:3000
   - Network:      http://169.254.0.21:3000

 ✓ Starting...
Attention: Next.js now collects completely anonymous telemetry regarding usage.
This information is used to shape Next.js' roadmap and prioritize features.
You can learn more, including how to opt-out if you'd not like to participate in this anonymous program, by visiting the following URL:
https://nextjs.org/telemetry

 ✓ Ready in 1867ms
   Reload env: .env
   Reload env: .env.local
 ○ Compiling / ...
 ✓ Compiled / in 5s
 ⚠ metadataBase property in metadata export is not set for resolving social open graph or twitter images, using "http://localhost:3000". See https://nextjs.org/docs/app/api-reference/functions/generate-metadata#metadatabase
 GET / 200 in 4315ms
 GET / 200 in 5924ms
 ⚠ Cross origin request detected from bloom-gift.lindy.site to /_next/* resource. In a future major version of Next.js, you will need to explicitly configure "allowedDevOrigins" in next.config to allow this.
Read more: https://nextjs.org/docs/app/api-reference/config/next-config-js/allowedDevOrigins
 ○ Compiling /favicon.ico ...
 ✓ Compiled /favicon.ico in 595ms
 GET /favicon.ico 200 in 934ms
 ○ Compiling /dashboard ...
 ✓ Compiled /dashboard in 785ms
 GET /dashboard 200 in 1016ms
 ✓ Compiled /gifts in 488ms
 GET /gifts 200 in 711ms
 ○ Compiling /shops ...
 ✓ Compiled /shops in 537ms
 GET /shops 200 in 780ms
 GET / 200 in 216ms
 GET /favicon.ico 200 in 272ms
 GET / 200 in 219ms
 GET /dashboard 200 in 244ms
 GET /gifts 200 in 233ms
 GET /shops 200 in 210ms
 GET / 200 in 209ms
 ✓ Compiled in 343ms
 ✓ Compiled in 192ms
 ✓ Compiled in 214ms
 ✓ Compiled in 182ms
 ⚠ metadataBase property in metadata export is not set for resolving social open graph or twitter images, using "http://localhost:3000". See https://nextjs.org/docs/app/api-reference/functions/generate-metadata#metadatabase
 GET / 200 in 693ms
 GET / 200 in 212ms
 ✓ Compiled in 113ms
 ✓ Compiled in 116ms
 ✓ Compiled in 171ms
 ✓ Compiled in 169ms
 ○ Compiling /auth/login ...
 ✓ Compiled /auth/login in 752ms
 ⨯ [Error: ENOENT: no such file or directory, open '/home/code/florist-gift-app/.next/static/development/_buildManifest.js.tmp.0ec4isia8tdt'] {
  errno: -2,
  code: 'ENOENT',
  syscall: 'open',
  path: '/home/code/florist-gift-app/.next/static/development/_buildManifest.js.tmp.0ec4isia8tdt'
}
 ○ Compiling /_error ...
 ✓ Compiled /_error in 2.2s
 ⨯ [Error: ENOENT: no such file or directory, open '/home/code/florist-gift-app/.next/static/development/_buildManifest.js.tmp.qfs50td0x9e'] {
  errno: -2,
  code: 'ENOENT',
  syscall: 'open',
  path: '/home/code/florist-gift-app/.next/static/development/_buildManifest.js.tmp.qfs50td0x9e'
}
[Error: ENOENT: no such file or directory, open '/home/code/florist-gift-app/.next/static/development/_buildManifest.js.tmp.0ec4isia8tdt'] {
  errno: -2,
  code: 'ENOENT',
  syscall: 'open',
  path: '/home/code/florist-gift-app/.next/static/development/_buildManifest.js.tmp.0ec4isia8tdt'
}
 ⨯ [Error: ENOENT: no such file or directory, open '/home/code/florist-gift-app/.next/static/development/_buildManifest.js.tmp.7au6a9wu4v9'] {
  errno: -2,
  code: 'ENOENT',
  syscall: 'open',
  path: '/home/code/florist-gift-app/.next/static/development/_buildManifest.js.tmp.7au6a9wu4v9'
}
[Error: ENOENT: no such file or directory, open '/home/code/florist-gift-app/.next/static/development/_buildManifest.js.tmp.qbpltp74zl'] {
  errno: -2,
  code: 'ENOENT',
  syscall: 'open',
  path: '/home/code/florist-gift-app/.next/static/development/_buildManifest.js.tmp.qbpltp74zl'
}
 ✓ Compiled in 123ms
 ✓ Compiled in 228ms

-----
[1m[31mFATAL[39m[0m: An unexpected Turbopack error occurred. A panic log has been written to /tmp/next-panic-2ba092219e91f4890e494ca64ec9b223.log.

To help make Turbopack better, report this error by clicking here: https://github.com/vercel/next.js/discussions/new?category=turbopack-error-report&title=Turbopack%20Error%3A%20Next.js%20package%20not%20found&body=Turbopack%20version%3A%20%6057992a6e%60%0ANext.js%20version%3A%20%600.0.0%60%0A%0AError%20message%3A%0A%60%60%60%0ATurbopack%20Error%3A%20Next.js%20package%20not%20found%0A%60%60%60&labels=Turbopack,Turbopack%20Panic%20Backtrace
-----

Error [TurbopackInternalError]: Next.js package not found

Debug info:
- Execution of get_entrypoints_with_issues_operation failed
- Execution of EntrypointsOperation::new failed
- Execution of Project::entrypoints failed
- Execution of AppProject::routes failed
- Execution of directory_tree_to_entrypoints_internal failed
- Execution of directory_tree_to_loader_tree failed
- Execution of get_next_package failed
- Next.js package not found
    at <unknown> (TurbopackInternalError: Next.js package not found) {
  location: undefined
}
[?25h
